<?xml version="1.0" encoding="UTF-8"?>
<testng-results ignored="0" total="1" passed="1" failed="0" skipped="0">
  <reporter-output>
  </reporter-output>
  <suite started-at="2023-09-30T00:40:04 IST" name="Default suite" finished-at="2023-09-30T00:40:06 IST" duration-ms="2326">
    <groups>
    </groups>
    <test started-at="2023-09-30T00:40:04 IST" name="Default test" finished-at="2023-09-30T00:40:06 IST" duration-ms="2326">
      <class name="basicRest.StaticJsonFromFiles">
        <test-method signature="addPlace()[pri:0, instance:basicRest.StaticJsonFromFiles@7e7be63f]" started-at="2023-09-30T00:40:04 IST" name="addPlace" finished-at="2023-09-30T00:40:06 IST" duration-ms="2287" status="PASS">
          <reporter-output>
          </reporter-output>
        </test-method> <!-- addPlace -->
      </class> <!-- basicRest.StaticJsonFromFiles -->
    </test> <!-- Default test -->
  </suite> <!-- Default suite -->
</testng-results>
