<?xml version="1.0" encoding="UTF-8"?>
<testng-results ignored="0" total="1" passed="1" failed="0" skipped="0">
  <reporter-output>
  </reporter-output>
  <suite started-at="2023-10-07T12:44:26 IST" name="Default suite" finished-at="2023-10-07T12:44:32 IST" duration-ms="6514">
    <groups>
    </groups>
    <test started-at="2023-10-07T12:44:26 IST" name="Default test" finished-at="2023-10-07T12:44:32 IST" duration-ms="6514">
      <class name="authenticationCode.GettingAccessToken">
        <test-method signature="AccessToken()[pri:0, instance:authenticationCode.GettingAccessToken@5acf93bb]" started-at="2023-10-07T12:44:26 IST" name="AccessToken" finished-at="2023-10-07T12:44:32 IST" duration-ms="6471" status="PASS">
          <reporter-output>
          </reporter-output>
        </test-method> <!-- AccessToken -->
      </class> <!-- authenticationCode.GettingAccessToken -->
    </test> <!-- Default test -->
  </suite> <!-- Default suite -->
</testng-results>
